[debug] [2024-08-07T09:39:48.969Z] ----------------------------------------------------------------------
[debug] [2024-08-07T09:39:48.974Z] Command:       C:\Program Files\nodejs\node.exe C:\Users\PIYUSH_M\AppData\Roaming\npm\node_modules\firebase-tools\lib\bin\firebase.js init
[debug] [2024-08-07T09:39:48.974Z] CLI Version:   13.15.0
[debug] [2024-08-07T09:39:48.975Z] Platform:      win32
[debug] [2024-08-07T09:39:48.975Z] Node Version:  v20.11.1
[debug] [2024-08-07T09:39:48.975Z] Time:          Wed Aug 07 2024 15:09:48 GMT+0530 (India Standard Time)
[debug] [2024-08-07T09:39:48.975Z] ----------------------------------------------------------------------
[debug] 
[debug] [2024-08-07T09:39:48.986Z] > command requires scopes: ["email","openid","https://www.googleapis.com/auth/cloudplatformprojects.readonly","https://www.googleapis.com/auth/firebase","https://www.googleapis.com/auth/cloud-platform"]
[debug] [2024-08-07T09:39:48.987Z] > authorizing via signed-in user (jainpiyush1450@gmail.com)
[info] 
     ######## #### ########  ######## ########     ###     ######  ########
     ##        ##  ##     ## ##       ##     ##  ##   ##  ##       ##
     ######    ##  ########  ######   ########  #########  ######  ######
     ##        ##  ##    ##  ##       ##     ## ##     ##       ## ##
     ##       #### ##     ## ######## ########  ##     ##  ######  ########

You're about to initialize a Firebase project in this directory:

  C:\Users\PIYUSH_M\Documents\web dev\JavaScript\brownie

[info] 
=== Project Setup
[info] 
[info] First, let's associate this project directory with a Firebase project.
[info] You can create multiple project aliases by running firebase use --add, 
[info] but for now we'll just set up a default project.
[info] 
[info] i  If you want to create a project in a Google Cloud organization or folder, please use "firebase projects:create" instead, and return to this command when you've created the project. 
[debug] [2024-08-07T09:40:15.467Z] >>> [apiv2][query] POST https://cloudresourcemanager.googleapis.com/v1/projects [none]
[debug] [2024-08-07T09:40:15.468Z] >>> [apiv2][body] POST https://cloudresourcemanager.googleapis.com/v1/projects {"projectId":"brownie-website-1","name":"brownie-website-1"}
[debug] [2024-08-07T09:40:18.071Z] <<< [apiv2][status] POST https://cloudresourcemanager.googleapis.com/v1/projects 200
[debug] [2024-08-07T09:40:18.071Z] <<< [apiv2][body] POST https://cloudresourcemanager.googleapis.com/v1/projects {"name":"operations/cp.7070752689111415571"}
[debug] [2024-08-07T09:40:18.076Z] >>> [apiv2][query] GET https://cloudresourcemanager.googleapis.com/v1/operations/cp.7070752689111415571 [none]
[debug] [2024-08-07T09:40:19.995Z] <<< [apiv2][status] GET https://cloudresourcemanager.googleapis.com/v1/operations/cp.7070752689111415571 200
[debug] [2024-08-07T09:40:19.996Z] <<< [apiv2][body] GET https://cloudresourcemanager.googleapis.com/v1/operations/cp.7070752689111415571 {"name":"operations/cp.7070752689111415571"}
[debug] [2024-08-07T09:40:20.499Z] [Project Creation Poller] Retrying task index 0
[debug] [2024-08-07T09:40:20.502Z] >>> [apiv2][query] GET https://cloudresourcemanager.googleapis.com/v1/operations/cp.7070752689111415571 [none]
[debug] [2024-08-07T09:40:21.415Z] <<< [apiv2][status] GET https://cloudresourcemanager.googleapis.com/v1/operations/cp.7070752689111415571 200
[debug] [2024-08-07T09:40:21.415Z] <<< [apiv2][body] GET https://cloudresourcemanager.googleapis.com/v1/operations/cp.7070752689111415571 {"name":"operations/cp.7070752689111415571","metadata":{"@type":"type.googleapis.com/google.cloudresourcemanager.v1.ProjectCreationStatus","gettable":true}}
[debug] [2024-08-07T09:40:22.420Z] [Project Creation Poller] Retrying task index 0
[debug] [2024-08-07T09:40:22.421Z] >>> [apiv2][query] GET https://cloudresourcemanager.googleapis.com/v1/operations/cp.7070752689111415571 [none]
[debug] [2024-08-07T09:40:23.275Z] <<< [apiv2][status] GET https://cloudresourcemanager.googleapis.com/v1/operations/cp.7070752689111415571 200
[debug] [2024-08-07T09:40:23.276Z] <<< [apiv2][body] GET https://cloudresourcemanager.googleapis.com/v1/operations/cp.7070752689111415571 {"name":"operations/cp.7070752689111415571","metadata":{"@type":"type.googleapis.com/google.cloudresourcemanager.v1.ProjectCreationStatus","gettable":true,"ready":true},"done":true,"response":{"@type":"type.googleapis.com/google.cloudresourcemanager.v1.Project","projectNumber":"197139240245","projectId":"brownie-website-1","lifecycleState":"ACTIVE","name":"brownie-website-1","createTime":"2024-08-07T09:40:19.049613Z"}}
[debug] [2024-08-07T09:40:23.292Z] >>> [apiv2][query] POST https://firebase.googleapis.com/v1beta1/projects/brownie-website-1:addFirebase [none]
[debug] [2024-08-07T09:40:24.495Z] <<< [apiv2][status] POST https://firebase.googleapis.com/v1beta1/projects/brownie-website-1:addFirebase 403
[debug] [2024-08-07T09:40:24.496Z] <<< [apiv2][body] POST https://firebase.googleapis.com/v1beta1/projects/brownie-website-1:addFirebase {"error":{"code":403,"message":"The caller does not have permission","status":"PERMISSION_DENIED"}}
[debug] [2024-08-07T09:40:24.497Z] HTTP Error: 403, The caller does not have permission
[debug] [2024-08-07T09:40:25.014Z] FirebaseError: HTTP Error: 403, The caller does not have permission
    at responseToError (C:\Users\PIYUSH_M\AppData\Roaming\npm\node_modules\firebase-tools\lib\responseToError.js:49:12)
    at RetryOperation._fn (C:\Users\PIYUSH_M\AppData\Roaming\npm\node_modules\firebase-tools\lib\apiv2.js:305:77)
    at process.processTicksAndRejections (node:internal/process/task_queues:95:5)
[error] 
[error] Error: Failed to add Firebase to Google Cloud Platform project. See firebase-debug.log for more info.
